<?xml version="1.0" encoding="UTF-8"?>
<!-- Generated by org.testng.reporters.JUnitXMLReporter -->
<testsuite ignored="7" hostname="LAPTOP-QFSEE7HF" failures="0" tests="4" name="Test" time="38.548" errors="0" timestamp="2025-08-26T18:14:19 IST">
  <testcase classname="testNGframeworks.I_TestNG_TestCases_Execution_XML" name="swiggy" time="2.288"/>
  <testcase classname="testNGframeworks.I_TestNG_TestCases_Execution_XML" name="selenium" time="8.523"/>
  <testcase classname="testNGframeworks.I_TestNG_TestCases_Execution_XML" name="bugzilla" time="3.007"/>
  <testcase classname="testNGframeworks.I_TestNG_TestCases_Execution_XML" name="techlearn" time="15.775"/>
  <testcase classname="testNGframeworks.I_TestNG_TestCases_Execution_XML" name="redmine" time="0.0">
    <ignored/>
  </testcase> <!-- redmine -->
  <testcase classname="testNGframeworks.I_TestNG_TestCases_Execution_XML" name="zomato" time="0.0">
    <ignored/>
  </testcase> <!-- zomato -->
  <testcase classname="testNGframeworks.I_TestNG_TestCases_Execution_XML" name="google" time="0.0">
    <ignored/>
  </testcase> <!-- google -->
  <testcase classname="testNGframeworks.I_TestNG_TestCases_Execution_XML" name="twitter" time="0.0">
    <ignored/>
  </testcase> <!-- twitter -->
  <testcase classname="testNGframeworks.I_TestNG_TestCases_Execution_XML" name="jira" time="0.0">
    <ignored/>
  </testcase> <!-- jira -->
  <testcase classname="testNGframeworks.I_TestNG_TestCases_Execution_XML" name="seleniumlearn" time="0.0">
    <ignored/>
  </testcase> <!-- seleniumlearn -->
  <testcase classname="testNGframeworks.I_TestNG_TestCases_Execution_XML" name="facebook" time="0.0">
    <ignored/>
  </testcase> <!-- facebook -->
</testsuite> <!-- Test -->
