<?xml version="1.0" encoding="UTF-8"?>
<testng-results ignored="0" total="1" passed="1" failed="0" skipped="0">
  <reporter-output>
  </reporter-output>
  <suite started-at="2025-09-05T13:25:49 IST" name="Default suite" finished-at="2025-09-05T13:25:58 IST" duration-ms="9016">
    <groups>
    </groups>
    <test started-at="2025-09-05T13:25:49 IST" name="Default test" finished-at="2025-09-05T13:25:58 IST" duration-ms="9016">
      <class name="fileupload.UploadFile">
        <test-method is-config="true" signature="beforeTest()[pri:0, instance:fileupload.UploadFile@7eac9008]" started-at="2025-09-05T13:25:49 IST" name="beforeTest" finished-at="2025-09-05T13:25:52 IST" duration-ms="3178" status="PASS">
          <reporter-output>
          </reporter-output>
        </test-method> <!-- beforeTest -->
        <test-method signature="fileattach()[pri:0, instance:fileupload.UploadFile@7eac9008]" started-at="2025-09-05T13:25:52 IST" name="fileattach" finished-at="2025-09-05T13:25:58 IST" duration-ms="5804" status="PASS">
          <reporter-output>
          </reporter-output>
        </test-method> <!-- fileattach -->
      </class> <!-- fileupload.UploadFile -->
    </test> <!-- Default test -->
  </suite> <!-- Default suite -->
</testng-results>
